PLAY [Install Nginx on target server] ***********************************************************************************************************************

TASK [Gathering Facts] **************************************************************************************************************************************
ok: [ec2-instance-2]
ok: [ec2-instance-1]

TASK [Update apt package index (for Debian/Ubuntu systems)] *************************************************************************************************
changed: [ec2-instance-2]
changed: [ec2-instance-1]

TASK [Install prerequisites for Node.js] ********************************************************************************************************************
ok: [ec2-instance-2]
ok: [ec2-instance-1]

TASK [Install Node.js] **************************************************************************************************************************************
ok: [ec2-instance-1]
ok: [ec2-instance-2]

TASK [Verify Node.js version] *******************************************************************************************************************************
changed: [ec2-instance-2]
changed: [ec2-instance-1]

TASK [debug] ************************************************************************************************************************************************
ok: [ec2-instance-1] => {
    "msg": "Node.js version installed: v18.19.1"
}
ok: [ec2-instance-2] => {
    "msg": "Node.js version installed: v18.19.1"
}

TASK [Install Node.js] **************************************************************************************************************************************
ok: [ec2-instance-1]
ok: [ec2-instance-2]

TASK [Verify NPM version] ***********************************************************************************************************************************
changed: [ec2-instance-2]
changed: [ec2-instance-1]

TASK [debug] ************************************************************************************************************************************************
ok: [ec2-instance-1] => {
    "msg": "NPM version installed: 9.2.0"
}
ok: [ec2-instance-2] => {
    "msg": "NPM version installed: 9.2.0"
}

TASK [Install Git (if not already installed)] ***************************************************************************************************************
ok: [ec2-instance-1]
ok: [ec2-instance-2]

TASK [Clone the repository] *********************************************************************************************************************************
ok: [ec2-instance-2]
changed: [ec2-instance-1]

TASK [Change the owner and group permission of the cloned directory] ****************************************************************************************
changed: [ec2-instance-2]
changed: [ec2-instance-1]

TASK [Verify the cloned files] ******************************************************************************************************************************
changed: [ec2-instance-1]
changed: [ec2-instance-2]

TASK [debug] ************************************************************************************************************************************************
ok: [ec2-instance-1] => {
    "msg": "Cloned files: ['total 20', '-rw-r--r-- 1 ubuntu ubuntu 1075 Oct 13 06:04 LICENSE', '-rw-r--r-- 1 ubuntu ubuntu 1023 Oct 13 06:04 README.md', '-rwpipelines.yml', 'drwxr-xr-x 5 ubuntu ubuntu 4096 Oct 13 06:04 backend', 'drwxr-xr-x 5 ubuntu ubuntu 4096 Oct 13 06:25 frontend']"
}
ok: [ec2-instance-2] => {
    "msg": "Cloned files: ['total 20', '-rw-r--r-- 1 ubuntu ubuntu 1075 Oct 12 13:07 LICENSE', '-rw-r--r-- 1 ubuntu ubuntu 1023 Oct 12 13:07 README.md', '-rwpipelines.yml', 'drwxr-xr-x 6 ubuntu ubuntu 4096 Oct 13 07:12 backend', 'drwxr-xr-x 4 ubuntu ubuntu 4096 Oct 12 13:07 frontend']"
}

PLAY [Update url.js file in the frontend server] ************************************************************************************************************

TASK [Gathering Facts] **************************************************************************************************************************************
ok: [ec2-instance-1]

TASK [Copy url.js] ******************************************************************************************************************************************
changed: [ec2-instance-1]

PLAY [Update .env of the backend server] ********************************************************************************************************************

TASK [Gathering Facts] **************************************************************************************************************************************
ok: [ec2-instance-2]

TASK [Copy .env file] ***************************************************************************************************************************************
ok: [ec2-instance-2]

PLAY [Setup and start npm in frontend] **********************************************************************************************************************

TASK [Gathering Facts] **************************************************************************************************************************************
ok: [ec2-instance-1]

TASK [Install npm dependencies] *****************************************************************************************************************************
changed: [ec2-instance-1]

TASK [Run npm start] ****************************************************************************************************************************************
changed: [ec2-instance-1]

PLAY [Run the npm dependencies and run nodejs application in backend] ***************************************************************************************

TASK [Gathering Facts] **************************************************************************************************************************************
ok: [ec2-instance-2]

TASK [Install npm dependencies] *****************************************************************************************************************************
changed: [ec2-instance-2]

TASK [Run node.js application] ******************************************************************************************************************************
changed: [ec2-instance-2]

PLAY RECAP **************************************************************************************************************************************************
ec2-instance-1             : ok=19   changed=9    unreachable=0    failed=0    skipped=0    rescued=0    ignored=0
ec2-instance-2             : ok=19   changed=7    unreachable=0    failed=0    skipped=0    rescued=0    ignored=0

